\BOOKMARK [1][-]{section.1}{\376\377\000I\000n\000t\000r\000o\000d\000u\000z\000i\000o\000n\000e}{}% 1
\BOOKMARK [1][-]{section.2}{\376\377\000T\000i\000p\000o\000l\000o\000g\000i\000e\000\040\000d\000i\000\040\000u\000t\000e\000n\000t\000i}{}% 2
\BOOKMARK [2][-]{subsection.2.1}{\376\377\000U\000t\000e\000n\000t\000e\000\040\000g\000e\000n\000e\000r\000i\000c\000o}{section.2}% 3
\BOOKMARK [2][-]{subsection.2.2}{\376\377\000U\000t\000e\000n\000t\000e\000\040\000l\000o\000g\000g\000a\000t\000o}{section.2}% 4
\BOOKMARK [3][-]{subsubsection.2.2.1}{\376\377\000L\000o\000g\000g\000a\000t\000o\000\040\000c\000o\000n\000\040\000a\000c\000c\000o\000u\000n\000t\000\040\000B\000l\000o\000c\000c\000a\000t\000o}{subsection.2.2}% 5
\BOOKMARK [3][-]{subsubsection.2.2.2}{\376\377\000L\000o\000g\000g\000a\000t\000o\000\040\000c\000o\000n\000\040\000a\000c\000c\000o\000u\000n\000t\000\040\000A\000t\000t\000i\000v\000o}{subsection.2.2}% 6
\BOOKMARK [2][-]{subsection.2.3}{\376\377\000A\000m\000m\000i\000n\000i\000s\000t\000r\000a\000t\000o\000r\000e}{section.2}% 7
\BOOKMARK [1][-]{section.3}{\376\377\000S\000E\000O}{}% 8
\BOOKMARK [1][-]{section.4}{\376\377\000S\000t\000r\000u\000t\000t\000u\000r\000a}{}% 9
\BOOKMARK [2][-]{subsection.4.1}{\376\377\000P\000a\000g\000i\000n\000e\000\040\000U\000t\000e\000n\000t\000e}{section.4}% 10
\BOOKMARK [3][-]{subsubsection.4.1.1}{\376\377\000H\000e\000a\000d\000e\000r}{subsection.4.1}% 11
\BOOKMARK [3][-]{subsubsection.4.1.2}{\376\377\000B\000r\000e\000a\000d\000c\000r\000u\000m\000b}{subsection.4.1}% 12
\BOOKMARK [3][-]{subsubsection.4.1.3}{\376\377\000M\000e\000n\000\371}{subsection.4.1}% 13
\BOOKMARK [3][-]{subsubsection.4.1.4}{\376\377\000C\000o\000n\000t\000e\000n\000u\000t\000o}{subsection.4.1}% 14
\BOOKMARK [2][-]{subsection.4.2}{\376\377\000P\000a\000g\000i\000n\000e\000\040\000A\000m\000m\000i\000n\000i\000s\000t\000r\000a\000t\000o\000r\000e}{section.4}% 15
\BOOKMARK [3][-]{subsubsection.4.2.1}{\376\377\000H\000e\000a\000d\000e\000r}{subsection.4.2}% 16
\BOOKMARK [3][-]{subsubsection.4.2.2}{\376\377\000B\000r\000e\000a\000d\000c\000r\000u\000m\000b}{subsection.4.2}% 17
\BOOKMARK [3][-]{subsubsection.4.2.3}{\376\377\000M\000e\000n\000\371}{subsection.4.2}% 18
\BOOKMARK [3][-]{subsubsection.4.2.4}{\376\377\000C\000o\000n\000t\000e\000n\000u\000t\000o}{subsection.4.2}% 19
\BOOKMARK [1][-]{section.5}{\376\377\000H\000T\000M\000L}{}% 20
\BOOKMARK [1][-]{section.6}{\376\377\000C\000S\000S}{}% 21
\BOOKMARK [2][-]{subsection.6.1}{\376\377\000U\000t\000i\000l\000i\000z\000z\000o\000\040\000d\000i\000\040\000F\000l\000e\000x\000b\000o\000x}{section.6}% 22
\BOOKMARK [2][-]{subsection.6.2}{\376\377\000M\000e\000d\000i\000a\000\040\000q\000u\000e\000r\000y}{section.6}% 23
\BOOKMARK [2][-]{subsection.6.3}{\376\377\000C\000S\000S\000\040\000p\000e\000r\000\040\000l\000a\000\040\000s\000t\000a\000m\000p\000a}{section.6}% 24
\BOOKMARK [1][-]{section.7}{\376\377\000P\000H\000P}{}% 25
\BOOKMARK [2][-]{subsection.7.1}{\376\377\000C\000o\000n\000n\000e\000s\000s\000i\000o\000n\000e\000\040\000a\000l\000\040\000D\000B}{section.7}% 26
\BOOKMARK [2][-]{subsection.7.2}{\376\377\000\044\000\137\000S\000E\000S\000S\000I\000O\000N}{section.7}% 27
\BOOKMARK [2][-]{subsection.7.3}{\376\377\000C\000o\000n\000t\000r\000o\000l\000l\000o\000\040\000s\000u\000l\000l\000e\000\040\000f\000o\000r\000m}{section.7}% 28
\BOOKMARK [1][-]{section.8}{\376\377\000J\000S}{}% 29
\BOOKMARK [1][-]{section.9}{\376\377\000A\000c\000c\000e\000s\000s\000i\000b\000i\000l\000i\000t\000\340}{}% 30
\BOOKMARK [2][-]{subsection.9.1}{\376\377\000A\000s\000s\000e\000n\000z\000a\000\040\000d\000i\000\040\000C\000S\000S}{section.9}% 31
\BOOKMARK [2][-]{subsection.9.2}{\376\377\000A\000s\000s\000e\000n\000z\000a\000\040\000d\000i\000\040\000J\000S}{section.9}% 32
\BOOKMARK [2][-]{subsection.9.3}{\376\377\000L\000i\000n\000g\000u\000a}{section.9}% 33
\BOOKMARK [2][-]{subsection.9.4}{\376\377\000A\000t\000t\000r\000i\000b\000u\000t\000i\000\040\000A\000R\000I\000A}{section.9}% 34
\BOOKMARK [2][-]{subsection.9.5}{\376\377\000T\000a\000b\000i\000n\000d\000e\000x\000\040\000e\000\040\000a\000c\000c\000e\000s\000s\000k\000e\000y}{section.9}% 35
\BOOKMARK [2][-]{subsection.9.6}{\376\377\000C\000o\000n\000t\000r\000a\000s\000t\000i}{section.9}% 36
\BOOKMARK [2][-]{subsection.9.7}{\376\377\000T\000a\000b\000e\000l\000l\000e}{section.9}% 37
\BOOKMARK [1][-]{section.10}{\376\377\000T\000e\000s\000t}{}% 38
\BOOKMARK [1][-]{section.11}{\376\377\000S\000u\000d\000d\000i\000v\000i\000s\000o\000n\000e\000\040\000d\000e\000l\000\040\000l\000a\000v\000o\000r\000o}{}% 39
